  main.cpp
C:\Users\fatva\OneDrive\Masaüstü\Projeler\OpenGL\Bilgisayar_Grafigi_Oyun_Odevi_Final\Bilgisayar_Grafigi_Oyun_Odevi_Final\main.cpp(42,14): warning C4305: '-=': 'double' iken 'float' olarak kesildi
C:\Users\fatva\OneDrive\Masaüstü\Projeler\OpenGL\Bilgisayar_Grafigi_Oyun_Odevi_Final\Bilgisayar_Grafigi_Oyun_Odevi_Final\main.cpp(51,14): warning C4305: '-=': 'double' iken 'float' olarak kesildi
C:\Users\fatva\OneDrive\Masaüstü\Projeler\OpenGL\Bilgisayar_Grafigi_Oyun_Odevi_Final\Bilgisayar_Grafigi_Oyun_Odevi_Final\main.cpp(60,15): warning C4305: '-=': 'double' iken 'float' olarak kesildi
C:\Users\fatva\OneDrive\Masaüstü\Projeler\OpenGL\Bilgisayar_Grafigi_Oyun_Odevi_Final\Bilgisayar_Grafigi_Oyun_Odevi_Final\main.cpp(69,15): warning C4305: '-=': 'double' iken 'float' olarak kesildi
C:\Users\fatva\OneDrive\Masaüstü\Projeler\OpenGL\Bilgisayar_Grafigi_Oyun_Odevi_Final\Bilgisayar_Grafigi_Oyun_Odevi_Final\main.cpp(93,26): warning C4305: 'bağımsız değişken': 'double' iken 'GLfloat' olarak kesildi
C:\Users\fatva\OneDrive\Masaüstü\Projeler\OpenGL\Bilgisayar_Grafigi_Oyun_Odevi_Final\Bilgisayar_Grafigi_Oyun_Odevi_Final\main.cpp(95,27): warning C4305: 'bağımsız değişken': 'double' iken 'GLfloat' olarak kesildi
C:\Users\fatva\OneDrive\Masaüstü\Projeler\OpenGL\Bilgisayar_Grafigi_Oyun_Odevi_Final\Bilgisayar_Grafigi_Oyun_Odevi_Final\main.cpp(96,28): warning C4305: 'bağımsız değişken': 'double' iken 'GLfloat' olarak kesildi
C:\Users\fatva\OneDrive\Masaüstü\Projeler\OpenGL\Bilgisayar_Grafigi_Oyun_Odevi_Final\Bilgisayar_Grafigi_Oyun_Odevi_Final\main.cpp(97,29): warning C4305: 'bağımsız değişken': 'double' iken 'GLfloat' olarak kesildi
C:\Users\fatva\OneDrive\Masaüstü\Projeler\OpenGL\Bilgisayar_Grafigi_Oyun_Odevi_Final\Bilgisayar_Grafigi_Oyun_Odevi_Final\main.cpp(98,28): warning C4305: 'bağımsız değişken': 'double' iken 'GLfloat' olarak kesildi
C:\Users\fatva\OneDrive\Masaüstü\Projeler\OpenGL\Bilgisayar_Grafigi_Oyun_Odevi_Final\Bilgisayar_Grafigi_Oyun_Odevi_Final\main.cpp(101,27): warning C4305: 'bağımsız değişken': 'double' iken 'GLfloat' olarak kesildi
C:\Users\fatva\OneDrive\Masaüstü\Projeler\OpenGL\Bilgisayar_Grafigi_Oyun_Odevi_Final\Bilgisayar_Grafigi_Oyun_Odevi_Final\main.cpp(102,29): warning C4305: 'bağımsız değişken': 'double' iken 'GLfloat' olarak kesildi
C:\Users\fatva\OneDrive\Masaüstü\Projeler\OpenGL\Bilgisayar_Grafigi_Oyun_Odevi_Final\Bilgisayar_Grafigi_Oyun_Odevi_Final\main.cpp(103,30): warning C4305: 'bağımsız değişken': 'double' iken 'GLfloat' olarak kesildi
C:\Users\fatva\OneDrive\Masaüstü\Projeler\OpenGL\Bilgisayar_Grafigi_Oyun_Odevi_Final\Bilgisayar_Grafigi_Oyun_Odevi_Final\main.cpp(104,29): warning C4305: 'bağımsız değişken': 'double' iken 'GLfloat' olarak kesildi
C:\Users\fatva\OneDrive\Masaüstü\Projeler\OpenGL\Bilgisayar_Grafigi_Oyun_Odevi_Final\Bilgisayar_Grafigi_Oyun_Odevi_Final\main.cpp(107,27): warning C4305: 'bağımsız değişken': 'double' iken 'GLfloat' olarak kesildi
C:\Users\fatva\OneDrive\Masaüstü\Projeler\OpenGL\Bilgisayar_Grafigi_Oyun_Odevi_Final\Bilgisayar_Grafigi_Oyun_Odevi_Final\main.cpp(108,28): warning C4305: 'bağımsız değişken': 'double' iken 'GLfloat' olarak kesildi
C:\Users\fatva\OneDrive\Masaüstü\Projeler\OpenGL\Bilgisayar_Grafigi_Oyun_Odevi_Final\Bilgisayar_Grafigi_Oyun_Odevi_Final\main.cpp(109,29): warning C4305: 'bağımsız değişken': 'double' iken 'GLfloat' olarak kesildi
C:\Users\fatva\OneDrive\Masaüstü\Projeler\OpenGL\Bilgisayar_Grafigi_Oyun_Odevi_Final\Bilgisayar_Grafigi_Oyun_Odevi_Final\main.cpp(110,28): warning C4305: 'bağımsız değişken': 'double' iken 'GLfloat' olarak kesildi
C:\Users\fatva\OneDrive\Masaüstü\Projeler\OpenGL\Bilgisayar_Grafigi_Oyun_Odevi_Final\Bilgisayar_Grafigi_Oyun_Odevi_Final\main.cpp(113,28): warning C4305: 'bağımsız değişken': 'double' iken 'GLfloat' olarak kesildi
C:\Users\fatva\OneDrive\Masaüstü\Projeler\OpenGL\Bilgisayar_Grafigi_Oyun_Odevi_Final\Bilgisayar_Grafigi_Oyun_Odevi_Final\main.cpp(114,29): warning C4305: 'bağımsız değişken': 'double' iken 'GLfloat' olarak kesildi
C:\Users\fatva\OneDrive\Masaüstü\Projeler\OpenGL\Bilgisayar_Grafigi_Oyun_Odevi_Final\Bilgisayar_Grafigi_Oyun_Odevi_Final\main.cpp(115,30): warning C4305: 'bağımsız değişken': 'double' iken 'GLfloat' olarak kesildi
C:\Users\fatva\OneDrive\Masaüstü\Projeler\OpenGL\Bilgisayar_Grafigi_Oyun_Odevi_Final\Bilgisayar_Grafigi_Oyun_Odevi_Final\main.cpp(116,29): warning C4305: 'bağımsız değişken': 'double' iken 'GLfloat' olarak kesildi
C:\Users\fatva\OneDrive\Masaüstü\Projeler\OpenGL\Bilgisayar_Grafigi_Oyun_Odevi_Final\Bilgisayar_Grafigi_Oyun_Odevi_Final\main.cpp(119,28): warning C4305: 'bağımsız değişken': 'double' iken 'GLfloat' olarak kesildi
C:\Users\fatva\OneDrive\Masaüstü\Projeler\OpenGL\Bilgisayar_Grafigi_Oyun_Odevi_Final\Bilgisayar_Grafigi_Oyun_Odevi_Final\main.cpp(120,29): warning C4305: 'bağımsız değişken': 'double' iken 'GLfloat' olarak kesildi
C:\Users\fatva\OneDrive\Masaüstü\Projeler\OpenGL\Bilgisayar_Grafigi_Oyun_Odevi_Final\Bilgisayar_Grafigi_Oyun_Odevi_Final\main.cpp(121,30): warning C4305: 'bağımsız değişken': 'double' iken 'GLfloat' olarak kesildi
C:\Users\fatva\OneDrive\Masaüstü\Projeler\OpenGL\Bilgisayar_Grafigi_Oyun_Odevi_Final\Bilgisayar_Grafigi_Oyun_Odevi_Final\main.cpp(122,29): warning C4305: 'bağımsız değişken': 'double' iken 'GLfloat' olarak kesildi
C:\Users\fatva\OneDrive\Masaüstü\Projeler\OpenGL\Bilgisayar_Grafigi_Oyun_Odevi_Final\Bilgisayar_Grafigi_Oyun_Odevi_Final\main.cpp(125,28): warning C4305: 'bağımsız değişken': 'double' iken 'GLfloat' olarak kesildi
C:\Users\fatva\OneDrive\Masaüstü\Projeler\OpenGL\Bilgisayar_Grafigi_Oyun_Odevi_Final\Bilgisayar_Grafigi_Oyun_Odevi_Final\main.cpp(126,29): warning C4305: 'bağımsız değişken': 'double' iken 'GLfloat' olarak kesildi
C:\Users\fatva\OneDrive\Masaüstü\Projeler\OpenGL\Bilgisayar_Grafigi_Oyun_Odevi_Final\Bilgisayar_Grafigi_Oyun_Odevi_Final\main.cpp(127,30): warning C4305: 'bağımsız değişken': 'double' iken 'GLfloat' olarak kesildi
C:\Users\fatva\OneDrive\Masaüstü\Projeler\OpenGL\Bilgisayar_Grafigi_Oyun_Odevi_Final\Bilgisayar_Grafigi_Oyun_Odevi_Final\main.cpp(128,29): warning C4305: 'bağımsız değişken': 'double' iken 'GLfloat' olarak kesildi
C:\Users\fatva\OneDrive\Masaüstü\Projeler\OpenGL\Bilgisayar_Grafigi_Oyun_Odevi_Final\Bilgisayar_Grafigi_Oyun_Odevi_Final\main.cpp(133,27): warning C4305: 'bağımsız değişken': 'double' iken 'GLfloat' olarak kesildi
C:\Users\fatva\OneDrive\Masaüstü\Projeler\OpenGL\Bilgisayar_Grafigi_Oyun_Odevi_Final\Bilgisayar_Grafigi_Oyun_Odevi_Final\main.cpp(135,31): warning C4305: 'bağımsız değişken': 'double' iken 'GLfloat' olarak kesildi
C:\Users\fatva\OneDrive\Masaüstü\Projeler\OpenGL\Bilgisayar_Grafigi_Oyun_Odevi_Final\Bilgisayar_Grafigi_Oyun_Odevi_Final\main.cpp(136,31): warning C4305: 'bağımsız değişken': 'double' iken 'GLfloat' olarak kesildi
C:\Users\fatva\OneDrive\Masaüstü\Projeler\OpenGL\Bilgisayar_Grafigi_Oyun_Odevi_Final\Bilgisayar_Grafigi_Oyun_Odevi_Final\main.cpp(137,32): warning C4305: 'bağımsız değişken': 'double' iken 'GLfloat' olarak kesildi
C:\Users\fatva\OneDrive\Masaüstü\Projeler\OpenGL\Bilgisayar_Grafigi_Oyun_Odevi_Final\Bilgisayar_Grafigi_Oyun_Odevi_Final\main.cpp(138,32): warning C4305: 'bağımsız değişken': 'double' iken 'GLfloat' olarak kesildi
C:\Users\fatva\OneDrive\Masaüstü\Projeler\OpenGL\Bilgisayar_Grafigi_Oyun_Odevi_Final\Bilgisayar_Grafigi_Oyun_Odevi_Final\main.cpp(140,27): warning C4305: 'bağımsız değişken': 'double' iken 'GLfloat' olarak kesildi
C:\Users\fatva\OneDrive\Masaüstü\Projeler\OpenGL\Bilgisayar_Grafigi_Oyun_Odevi_Final\Bilgisayar_Grafigi_Oyun_Odevi_Final\main.cpp(142,30): warning C4305: 'bağımsız değişken': 'double' iken 'GLfloat' olarak kesildi
C:\Users\fatva\OneDrive\Masaüstü\Projeler\OpenGL\Bilgisayar_Grafigi_Oyun_Odevi_Final\Bilgisayar_Grafigi_Oyun_Odevi_Final\main.cpp(143,30): warning C4305: 'bağımsız değişken': 'double' iken 'GLfloat' olarak kesildi
C:\Users\fatva\OneDrive\Masaüstü\Projeler\OpenGL\Bilgisayar_Grafigi_Oyun_Odevi_Final\Bilgisayar_Grafigi_Oyun_Odevi_Final\main.cpp(144,31): warning C4305: 'bağımsız değişken': 'double' iken 'GLfloat' olarak kesildi
C:\Users\fatva\OneDrive\Masaüstü\Projeler\OpenGL\Bilgisayar_Grafigi_Oyun_Odevi_Final\Bilgisayar_Grafigi_Oyun_Odevi_Final\main.cpp(145,31): warning C4305: 'bağımsız değişken': 'double' iken 'GLfloat' olarak kesildi
C:\Users\fatva\OneDrive\Masaüstü\Projeler\OpenGL\Bilgisayar_Grafigi_Oyun_Odevi_Final\Bilgisayar_Grafigi_Oyun_Odevi_Final\main.cpp(148,27): warning C4305: 'bağımsız değişken': 'double' iken 'GLfloat' olarak kesildi
C:\Users\fatva\OneDrive\Masaüstü\Projeler\OpenGL\Bilgisayar_Grafigi_Oyun_Odevi_Final\Bilgisayar_Grafigi_Oyun_Odevi_Final\main.cpp(150,32): warning C4305: 'bağımsız değişken': 'double' iken 'GLfloat' olarak kesildi
C:\Users\fatva\OneDrive\Masaüstü\Projeler\OpenGL\Bilgisayar_Grafigi_Oyun_Odevi_Final\Bilgisayar_Grafigi_Oyun_Odevi_Final\main.cpp(151,32): warning C4305: 'bağımsız değişken': 'double' iken 'GLfloat' olarak kesildi
C:\Users\fatva\OneDrive\Masaüstü\Projeler\OpenGL\Bilgisayar_Grafigi_Oyun_Odevi_Final\Bilgisayar_Grafigi_Oyun_Odevi_Final\main.cpp(152,30): warning C4305: 'bağımsız değişken': 'double' iken 'GLfloat' olarak kesildi
C:\Users\fatva\OneDrive\Masaüstü\Projeler\OpenGL\Bilgisayar_Grafigi_Oyun_Odevi_Final\Bilgisayar_Grafigi_Oyun_Odevi_Final\main.cpp(153,30): warning C4305: 'bağımsız değişken': 'double' iken 'GLfloat' olarak kesildi
C:\Users\fatva\OneDrive\Masaüstü\Projeler\OpenGL\Bilgisayar_Grafigi_Oyun_Odevi_Final\Bilgisayar_Grafigi_Oyun_Odevi_Final\main.cpp(156,31): warning C4305: 'bağımsız değişken': 'double' iken 'GLfloat' olarak kesildi
C:\Users\fatva\OneDrive\Masaüstü\Projeler\OpenGL\Bilgisayar_Grafigi_Oyun_Odevi_Final\Bilgisayar_Grafigi_Oyun_Odevi_Final\main.cpp(157,31): warning C4305: 'bağımsız değişken': 'double' iken 'GLfloat' olarak kesildi
C:\Users\fatva\OneDrive\Masaüstü\Projeler\OpenGL\Bilgisayar_Grafigi_Oyun_Odevi_Final\Bilgisayar_Grafigi_Oyun_Odevi_Final\main.cpp(158,30): warning C4305: 'bağımsız değişken': 'double' iken 'GLfloat' olarak kesildi
C:\Users\fatva\OneDrive\Masaüstü\Projeler\OpenGL\Bilgisayar_Grafigi_Oyun_Odevi_Final\Bilgisayar_Grafigi_Oyun_Odevi_Final\main.cpp(159,30): warning C4305: 'bağımsız değişken': 'double' iken 'GLfloat' olarak kesildi
C:\Users\fatva\OneDrive\Masaüstü\Projeler\OpenGL\Bilgisayar_Grafigi_Oyun_Odevi_Final\Bilgisayar_Grafigi_Oyun_Odevi_Final\main.cpp(162,31): warning C4305: 'bağımsız değişken': 'double' iken 'GLfloat' olarak kesildi
C:\Users\fatva\OneDrive\Masaüstü\Projeler\OpenGL\Bilgisayar_Grafigi_Oyun_Odevi_Final\Bilgisayar_Grafigi_Oyun_Odevi_Final\main.cpp(163,31): warning C4305: 'bağımsız değişken': 'double' iken 'GLfloat' olarak kesildi
C:\Users\fatva\OneDrive\Masaüstü\Projeler\OpenGL\Bilgisayar_Grafigi_Oyun_Odevi_Final\Bilgisayar_Grafigi_Oyun_Odevi_Final\main.cpp(164,30): warning C4305: 'bağımsız değişken': 'double' iken 'GLfloat' olarak kesildi
C:\Users\fatva\OneDrive\Masaüstü\Projeler\OpenGL\Bilgisayar_Grafigi_Oyun_Odevi_Final\Bilgisayar_Grafigi_Oyun_Odevi_Final\main.cpp(165,30): warning C4305: 'bağımsız değişken': 'double' iken 'GLfloat' olarak kesildi
C:\Users\fatva\OneDrive\Masaüstü\Projeler\OpenGL\Bilgisayar_Grafigi_Oyun_Odevi_Final\Bilgisayar_Grafigi_Oyun_Odevi_Final\main.cpp(168,27): warning C4305: 'bağımsız değişken': 'double' iken 'GLfloat' olarak kesildi
C:\Users\fatva\OneDrive\Masaüstü\Projeler\OpenGL\Bilgisayar_Grafigi_Oyun_Odevi_Final\Bilgisayar_Grafigi_Oyun_Odevi_Final\main.cpp(170,30): warning C4305: 'bağımsız değişken': 'double' iken 'GLfloat' olarak kesildi
C:\Users\fatva\OneDrive\Masaüstü\Projeler\OpenGL\Bilgisayar_Grafigi_Oyun_Odevi_Final\Bilgisayar_Grafigi_Oyun_Odevi_Final\main.cpp(171,30): warning C4305: 'bağımsız değişken': 'double' iken 'GLfloat' olarak kesildi
C:\Users\fatva\OneDrive\Masaüstü\Projeler\OpenGL\Bilgisayar_Grafigi_Oyun_Odevi_Final\Bilgisayar_Grafigi_Oyun_Odevi_Final\main.cpp(172,31): warning C4305: 'bağımsız değişken': 'double' iken 'GLfloat' olarak kesildi
C:\Users\fatva\OneDrive\Masaüstü\Projeler\OpenGL\Bilgisayar_Grafigi_Oyun_Odevi_Final\Bilgisayar_Grafigi_Oyun_Odevi_Final\main.cpp(173,31): warning C4305: 'bağımsız değişken': 'double' iken 'GLfloat' olarak kesildi
C:\Users\fatva\OneDrive\Masaüstü\Projeler\OpenGL\Bilgisayar_Grafigi_Oyun_Odevi_Final\Bilgisayar_Grafigi_Oyun_Odevi_Final\main.cpp(176,30): warning C4305: 'bağımsız değişken': 'double' iken 'GLfloat' olarak kesildi
C:\Users\fatva\OneDrive\Masaüstü\Projeler\OpenGL\Bilgisayar_Grafigi_Oyun_Odevi_Final\Bilgisayar_Grafigi_Oyun_Odevi_Final\main.cpp(177,30): warning C4305: 'bağımsız değişken': 'double' iken 'GLfloat' olarak kesildi
C:\Users\fatva\OneDrive\Masaüstü\Projeler\OpenGL\Bilgisayar_Grafigi_Oyun_Odevi_Final\Bilgisayar_Grafigi_Oyun_Odevi_Final\main.cpp(178,31): warning C4305: 'bağımsız değişken': 'double' iken 'GLfloat' olarak kesildi
C:\Users\fatva\OneDrive\Masaüstü\Projeler\OpenGL\Bilgisayar_Grafigi_Oyun_Odevi_Final\Bilgisayar_Grafigi_Oyun_Odevi_Final\main.cpp(179,31): warning C4305: 'bağımsız değişken': 'double' iken 'GLfloat' olarak kesildi
C:\Users\fatva\OneDrive\Masaüstü\Projeler\OpenGL\Bilgisayar_Grafigi_Oyun_Odevi_Final\Bilgisayar_Grafigi_Oyun_Odevi_Final\main.cpp(182,30): warning C4305: 'bağımsız değişken': 'double' iken 'GLfloat' olarak kesildi
C:\Users\fatva\OneDrive\Masaüstü\Projeler\OpenGL\Bilgisayar_Grafigi_Oyun_Odevi_Final\Bilgisayar_Grafigi_Oyun_Odevi_Final\main.cpp(183,30): warning C4305: 'bağımsız değişken': 'double' iken 'GLfloat' olarak kesildi
C:\Users\fatva\OneDrive\Masaüstü\Projeler\OpenGL\Bilgisayar_Grafigi_Oyun_Odevi_Final\Bilgisayar_Grafigi_Oyun_Odevi_Final\main.cpp(184,31): warning C4305: 'bağımsız değişken': 'double' iken 'GLfloat' olarak kesildi
C:\Users\fatva\OneDrive\Masaüstü\Projeler\OpenGL\Bilgisayar_Grafigi_Oyun_Odevi_Final\Bilgisayar_Grafigi_Oyun_Odevi_Final\main.cpp(185,31): warning C4305: 'bağımsız değişken': 'double' iken 'GLfloat' olarak kesildi
C:\Users\fatva\OneDrive\Masaüstü\Projeler\OpenGL\Bilgisayar_Grafigi_Oyun_Odevi_Final\Bilgisayar_Grafigi_Oyun_Odevi_Final\main.cpp(188,27): warning C4305: 'bağımsız değişken': 'double' iken 'GLfloat' olarak kesildi
C:\Users\fatva\OneDrive\Masaüstü\Projeler\OpenGL\Bilgisayar_Grafigi_Oyun_Odevi_Final\Bilgisayar_Grafigi_Oyun_Odevi_Final\main.cpp(190,30): warning C4305: 'bağımsız değişken': 'double' iken 'GLfloat' olarak kesildi
C:\Users\fatva\OneDrive\Masaüstü\Projeler\OpenGL\Bilgisayar_Grafigi_Oyun_Odevi_Final\Bilgisayar_Grafigi_Oyun_Odevi_Final\main.cpp(191,30): warning C4305: 'bağımsız değişken': 'double' iken 'GLfloat' olarak kesildi
C:\Users\fatva\OneDrive\Masaüstü\Projeler\OpenGL\Bilgisayar_Grafigi_Oyun_Odevi_Final\Bilgisayar_Grafigi_Oyun_Odevi_Final\main.cpp(192,31): warning C4305: 'bağımsız değişken': 'double' iken 'GLfloat' olarak kesildi
C:\Users\fatva\OneDrive\Masaüstü\Projeler\OpenGL\Bilgisayar_Grafigi_Oyun_Odevi_Final\Bilgisayar_Grafigi_Oyun_Odevi_Final\main.cpp(193,31): warning C4305: 'bağımsız değişken': 'double' iken 'GLfloat' olarak kesildi
C:\Users\fatva\OneDrive\Masaüstü\Projeler\OpenGL\Bilgisayar_Grafigi_Oyun_Odevi_Final\Bilgisayar_Grafigi_Oyun_Odevi_Final\main.cpp(196,30): warning C4305: 'bağımsız değişken': 'double' iken 'GLfloat' olarak kesildi
C:\Users\fatva\OneDrive\Masaüstü\Projeler\OpenGL\Bilgisayar_Grafigi_Oyun_Odevi_Final\Bilgisayar_Grafigi_Oyun_Odevi_Final\main.cpp(197,30): warning C4305: 'bağımsız değişken': 'double' iken 'GLfloat' olarak kesildi
C:\Users\fatva\OneDrive\Masaüstü\Projeler\OpenGL\Bilgisayar_Grafigi_Oyun_Odevi_Final\Bilgisayar_Grafigi_Oyun_Odevi_Final\main.cpp(198,31): warning C4305: 'bağımsız değişken': 'double' iken 'GLfloat' olarak kesildi
C:\Users\fatva\OneDrive\Masaüstü\Projeler\OpenGL\Bilgisayar_Grafigi_Oyun_Odevi_Final\Bilgisayar_Grafigi_Oyun_Odevi_Final\main.cpp(199,31): warning C4305: 'bağımsız değişken': 'double' iken 'GLfloat' olarak kesildi
C:\Users\fatva\OneDrive\Masaüstü\Projeler\OpenGL\Bilgisayar_Grafigi_Oyun_Odevi_Final\Bilgisayar_Grafigi_Oyun_Odevi_Final\main.cpp(202,32): warning C4305: 'bağımsız değişken': 'double' iken 'GLfloat' olarak kesildi
C:\Users\fatva\OneDrive\Masaüstü\Projeler\OpenGL\Bilgisayar_Grafigi_Oyun_Odevi_Final\Bilgisayar_Grafigi_Oyun_Odevi_Final\main.cpp(203,32): warning C4305: 'bağımsız değişken': 'double' iken 'GLfloat' olarak kesildi
C:\Users\fatva\OneDrive\Masaüstü\Projeler\OpenGL\Bilgisayar_Grafigi_Oyun_Odevi_Final\Bilgisayar_Grafigi_Oyun_Odevi_Final\main.cpp(204,32): warning C4305: 'bağımsız değişken': 'double' iken 'GLfloat' olarak kesildi
C:\Users\fatva\OneDrive\Masaüstü\Projeler\OpenGL\Bilgisayar_Grafigi_Oyun_Odevi_Final\Bilgisayar_Grafigi_Oyun_Odevi_Final\main.cpp(205,32): warning C4305: 'bağımsız değişken': 'double' iken 'GLfloat' olarak kesildi
C:\Users\fatva\OneDrive\Masaüstü\Projeler\OpenGL\Bilgisayar_Grafigi_Oyun_Odevi_Final\Bilgisayar_Grafigi_Oyun_Odevi_Final\main.cpp(220,31): warning C4305: 'bağımsız değişken': 'double' iken 'GLfloat' olarak kesildi
C:\Users\fatva\OneDrive\Masaüstü\Projeler\OpenGL\Bilgisayar_Grafigi_Oyun_Odevi_Final\Bilgisayar_Grafigi_Oyun_Odevi_Final\main.cpp(220,18): warning C4244: 'bağımsız değişken': 'double' - 'GLfloat' dönüşümü; veri kaybı olabilir
C:\Users\fatva\OneDrive\Masaüstü\Projeler\OpenGL\Bilgisayar_Grafigi_Oyun_Odevi_Final\Bilgisayar_Grafigi_Oyun_Odevi_Final\main.cpp(221,31): warning C4305: 'bağımsız değişken': 'double' iken 'GLfloat' olarak kesildi
C:\Users\fatva\OneDrive\Masaüstü\Projeler\OpenGL\Bilgisayar_Grafigi_Oyun_Odevi_Final\Bilgisayar_Grafigi_Oyun_Odevi_Final\main.cpp(221,18): warning C4244: 'bağımsız değişken': 'double' - 'GLfloat' dönüşümü; veri kaybı olabilir
C:\Users\fatva\OneDrive\Masaüstü\Projeler\OpenGL\Bilgisayar_Grafigi_Oyun_Odevi_Final\Bilgisayar_Grafigi_Oyun_Odevi_Final\main.cpp(222,31): warning C4305: 'bağımsız değişken': 'double' iken 'GLfloat' olarak kesildi
C:\Users\fatva\OneDrive\Masaüstü\Projeler\OpenGL\Bilgisayar_Grafigi_Oyun_Odevi_Final\Bilgisayar_Grafigi_Oyun_Odevi_Final\main.cpp(222,18): warning C4244: 'bağımsız değişken': 'double' - 'GLfloat' dönüşümü; veri kaybı olabilir
C:\Users\fatva\OneDrive\Masaüstü\Projeler\OpenGL\Bilgisayar_Grafigi_Oyun_Odevi_Final\Bilgisayar_Grafigi_Oyun_Odevi_Final\main.cpp(223,31): warning C4305: 'bağımsız değişken': 'double' iken 'GLfloat' olarak kesildi
C:\Users\fatva\OneDrive\Masaüstü\Projeler\OpenGL\Bilgisayar_Grafigi_Oyun_Odevi_Final\Bilgisayar_Grafigi_Oyun_Odevi_Final\main.cpp(223,18): warning C4244: 'bağımsız değişken': 'double' - 'GLfloat' dönüşümü; veri kaybı olabilir
C:\Users\fatva\OneDrive\Masaüstü\Projeler\OpenGL\Bilgisayar_Grafigi_Oyun_Odevi_Final\Bilgisayar_Grafigi_Oyun_Odevi_Final\main.cpp(229,22): warning C4305: 'bağımsız değişken': 'double' iken 'GLfloat' olarak kesildi
C:\Users\fatva\OneDrive\Masaüstü\Projeler\OpenGL\Bilgisayar_Grafigi_Oyun_Odevi_Final\Bilgisayar_Grafigi_Oyun_Odevi_Final\main.cpp(230,23): warning C4244: 'bağımsız değişken': 'double' - 'GLfloat' dönüşümü; veri kaybı olabilir
C:\Users\fatva\OneDrive\Masaüstü\Projeler\OpenGL\Bilgisayar_Grafigi_Oyun_Odevi_Final\Bilgisayar_Grafigi_Oyun_Odevi_Final\main.cpp(230,28): warning C4305: 'bağımsız değişken': 'double' iken 'GLfloat' olarak kesildi
C:\Users\fatva\OneDrive\Masaüstü\Projeler\OpenGL\Bilgisayar_Grafigi_Oyun_Odevi_Final\Bilgisayar_Grafigi_Oyun_Odevi_Final\main.cpp(231,23): warning C4244: 'bağımsız değişken': 'double' - 'GLfloat' dönüşümü; veri kaybı olabilir
C:\Users\fatva\OneDrive\Masaüstü\Projeler\OpenGL\Bilgisayar_Grafigi_Oyun_Odevi_Final\Bilgisayar_Grafigi_Oyun_Odevi_Final\main.cpp(231,28): warning C4305: 'bağımsız değişken': 'double' iken 'GLfloat' olarak kesildi
C:\Users\fatva\OneDrive\Masaüstü\Projeler\OpenGL\Bilgisayar_Grafigi_Oyun_Odevi_Final\Bilgisayar_Grafigi_Oyun_Odevi_Final\main.cpp(232,22): warning C4305: 'bağımsız değişken': 'double' iken 'GLfloat' olarak kesildi
C:\Users\fatva\OneDrive\Masaüstü\Projeler\OpenGL\Bilgisayar_Grafigi_Oyun_Odevi_Final\Bilgisayar_Grafigi_Oyun_Odevi_Final\main.cpp(238,23): warning C4305: 'bağımsız değişken': 'double' iken 'GLfloat' olarak kesildi
C:\Users\fatva\OneDrive\Masaüstü\Projeler\OpenGL\Bilgisayar_Grafigi_Oyun_Odevi_Final\Bilgisayar_Grafigi_Oyun_Odevi_Final\main.cpp(239,24): warning C4244: 'bağımsız değişken': 'double' - 'GLfloat' dönüşümü; veri kaybı olabilir
C:\Users\fatva\OneDrive\Masaüstü\Projeler\OpenGL\Bilgisayar_Grafigi_Oyun_Odevi_Final\Bilgisayar_Grafigi_Oyun_Odevi_Final\main.cpp(239,29): warning C4305: 'bağımsız değişken': 'double' iken 'GLfloat' olarak kesildi
C:\Users\fatva\OneDrive\Masaüstü\Projeler\OpenGL\Bilgisayar_Grafigi_Oyun_Odevi_Final\Bilgisayar_Grafigi_Oyun_Odevi_Final\main.cpp(240,24): warning C4244: 'bağımsız değişken': 'double' - 'GLfloat' dönüşümü; veri kaybı olabilir
C:\Users\fatva\OneDrive\Masaüstü\Projeler\OpenGL\Bilgisayar_Grafigi_Oyun_Odevi_Final\Bilgisayar_Grafigi_Oyun_Odevi_Final\main.cpp(240,29): warning C4305: 'bağımsız değişken': 'double' iken 'GLfloat' olarak kesildi
C:\Users\fatva\OneDrive\Masaüstü\Projeler\OpenGL\Bilgisayar_Grafigi_Oyun_Odevi_Final\Bilgisayar_Grafigi_Oyun_Odevi_Final\main.cpp(241,23): warning C4305: 'bağımsız değişken': 'double' iken 'GLfloat' olarak kesildi
C:\Users\fatva\OneDrive\Masaüstü\Projeler\OpenGL\Bilgisayar_Grafigi_Oyun_Odevi_Final\Bilgisayar_Grafigi_Oyun_Odevi_Final\main.cpp(247,23): warning C4305: 'bağımsız değişken': 'double' iken 'GLfloat' olarak kesildi
C:\Users\fatva\OneDrive\Masaüstü\Projeler\OpenGL\Bilgisayar_Grafigi_Oyun_Odevi_Final\Bilgisayar_Grafigi_Oyun_Odevi_Final\main.cpp(248,24): warning C4244: 'bağımsız değişken': 'double' - 'GLfloat' dönüşümü; veri kaybı olabilir
C:\Users\fatva\OneDrive\Masaüstü\Projeler\OpenGL\Bilgisayar_Grafigi_Oyun_Odevi_Final\Bilgisayar_Grafigi_Oyun_Odevi_Final\main.cpp(248,29): warning C4305: 'bağımsız değişken': 'double' iken 'GLfloat' olarak kesildi
C:\Users\fatva\OneDrive\Masaüstü\Projeler\OpenGL\Bilgisayar_Grafigi_Oyun_Odevi_Final\Bilgisayar_Grafigi_Oyun_Odevi_Final\main.cpp(249,24): warning C4244: 'bağımsız değişken': 'double' - 'GLfloat' dönüşümü; veri kaybı olabilir
C:\Users\fatva\OneDrive\Masaüstü\Projeler\OpenGL\Bilgisayar_Grafigi_Oyun_Odevi_Final\Bilgisayar_Grafigi_Oyun_Odevi_Final\main.cpp(249,29): warning C4305: 'bağımsız değişken': 'double' iken 'GLfloat' olarak kesildi
C:\Users\fatva\OneDrive\Masaüstü\Projeler\OpenGL\Bilgisayar_Grafigi_Oyun_Odevi_Final\Bilgisayar_Grafigi_Oyun_Odevi_Final\main.cpp(250,23): warning C4305: 'bağımsız değişken': 'double' iken 'GLfloat' olarak kesildi
C:\Users\fatva\OneDrive\Masaüstü\Projeler\OpenGL\Bilgisayar_Grafigi_Oyun_Odevi_Final\Bilgisayar_Grafigi_Oyun_Odevi_Final\main.cpp(256,24): warning C4305: 'bağımsız değişken': 'double' iken 'GLfloat' olarak kesildi
C:\Users\fatva\OneDrive\Masaüstü\Projeler\OpenGL\Bilgisayar_Grafigi_Oyun_Odevi_Final\Bilgisayar_Grafigi_Oyun_Odevi_Final\main.cpp(257,25): warning C4244: 'bağımsız değişken': 'double' - 'GLfloat' dönüşümü; veri kaybı olabilir
C:\Users\fatva\OneDrive\Masaüstü\Projeler\OpenGL\Bilgisayar_Grafigi_Oyun_Odevi_Final\Bilgisayar_Grafigi_Oyun_Odevi_Final\main.cpp(257,30): warning C4305: 'bağımsız değişken': 'double' iken 'GLfloat' olarak kesildi
C:\Users\fatva\OneDrive\Masaüstü\Projeler\OpenGL\Bilgisayar_Grafigi_Oyun_Odevi_Final\Bilgisayar_Grafigi_Oyun_Odevi_Final\main.cpp(258,25): warning C4244: 'bağımsız değişken': 'double' - 'GLfloat' dönüşümü; veri kaybı olabilir
C:\Users\fatva\OneDrive\Masaüstü\Projeler\OpenGL\Bilgisayar_Grafigi_Oyun_Odevi_Final\Bilgisayar_Grafigi_Oyun_Odevi_Final\main.cpp(258,30): warning C4305: 'bağımsız değişken': 'double' iken 'GLfloat' olarak kesildi
C:\Users\fatva\OneDrive\Masaüstü\Projeler\OpenGL\Bilgisayar_Grafigi_Oyun_Odevi_Final\Bilgisayar_Grafigi_Oyun_Odevi_Final\main.cpp(259,24): warning C4305: 'bağımsız değişken': 'double' iken 'GLfloat' olarak kesildi
  Bilgisayar_Grafigi_Oyun_Odevi_Final.vcxproj -> C:\Users\fatva\OneDrive\Masaüstü\Projeler\OpenGL\Bilgisayar_Grafigi_Oyun_Odevi_Final\x64\Debug\Bilgisayar_Grafigi_Oyun_Odevi_Final.exe
